

Started GET "/assets/rails.png" for 127.0.0.1 at 2013-03-03 09:57:38 +0700

Mysql2::Error (Access denied for user 'root'@'localhost' (using password: NO)):
  mysql2-0.3.11-x86 (mingw32) lib/mysql2/client.rb:44:in `connect'
  mysql2-0.3.11-x86 (mingw32) lib/mysql2/client.rb:44:in `initialize'
  activerecord (3.2.1) lib/active_record/connection_adapters/mysql2_adapter.rb:16:in `new'
  activerecord (3.2.1) lib/active_record/connection_adapters/mysql2_adapter.rb:16:in `mysql2_connection'
  activerecord (3.2.1) lib/active_record/connection_adapters/abstract/connection_pool.rb:277:in `new_connection'
  activerecord (3.2.1) lib/active_record/connection_adapters/abstract/connection_pool.rb:287:in `checkout_new_connection'
  activerecord (3.2.1) lib/active_record/connection_adapters/abstract/connection_pool.rb:235:in `block (2 levels) in checkout'
  activerecord (3.2.1) lib/active_record/connection_adapters/abstract/connection_pool.rb:230:in `loop'
  activerecord (3.2.1) lib/active_record/connection_adapters/abstract/connection_pool.rb:230:in `block in checkout'
  C:/RailsInstaller/Ruby1.9.3/lib/ruby/1.9.1/monitor.rb:211:in `mon_synchronize'
  activerecord (3.2.1) lib/active_record/connection_adapters/abstract/connection_pool.rb:229:in `checkout'
  activerecord (3.2.1) lib/active_record/connection_adapters/abstract/connection_pool.rb:95:in `connection'
  activerecord (3.2.1) lib/active_record/connection_adapters/abstract/connection_pool.rb:374:in `retrieve_connection'
  activerecord (3.2.1) lib/active_record/connection_adapters/abstract/connection_specification.rb:168:in `retrieve_connection'
  activerecord (3.2.1) lib/active_record/connection_adapters/abstract/connection_specification.rb:142:in `connection'
  activerecord (3.2.1) lib/active_record/query_cache.rb:67:in `rescue in call'
  activerecord (3.2.1) lib/active_record/query_cache.rb:61:in `call'
  activerecord (3.2.1) lib/active_record/connection_adapters/abstract/connection_pool.rb:443:in `call'
  actionpack (3.2.1) lib/action_dispatch/middleware/callbacks.rb:28:in `block in call'
  activesupport (3.2.1) lib/active_support/callbacks.rb:405:in `_run__1004419100__call__102381742__callbacks'
  activesupport (3.2.1) lib/active_support/callbacks.rb:405:in `__run_callback'
  activesupport (3.2.1) lib/active_support/callbacks.rb:385:in `_run_call_callbacks'
  activesupport (3.2.1) lib/active_support/callbacks.rb:81:in `run_callbacks'
  actionpack (3.2.1) lib/action_dispatch/middleware/callbacks.rb:27:in `call'
  actionpack (3.2.1) lib/action_dispatch/middleware/reloader.rb:65:in `call'
  actionpack (3.2.1) lib/action_dispatch/middleware/remote_ip.rb:31:in `call'
  actionpack (3.2.1) lib/action_dispatch/middleware/debug_exceptions.rb:16:in `call'
  actionpack (3.2.1) lib/action_dispatch/middleware/show_exceptions.rb:56:in `call'
  railties (3.2.1) lib/rails/rack/logger.rb:26:in `call_app'
  railties (3.2.1) lib/rails/rack/logger.rb:16:in `call'
  actionpack (3.2.1) lib/action_dispatch/middleware/request_id.rb:22:in `call'
  rack (1.4.5) lib/rack/methodoverride.rb:21:in `call'
  rack (1.4.5) lib/rack/runtime.rb:17:in `call'
  activesupport (3.2.1) lib/active_support/cache/strategy/local_cache.rb:72:in `call'
  rack (1.4.5) lib/rack/lock.rb:15:in `call'
  actionpack (3.2.1) lib/action_dispatch/middleware/static.rb:53:in `call'
  railties (3.2.1) lib/rails/engine.rb:479:in `call'
  railties (3.2.1) lib/rails/application.rb:220:in `call'
  rack (1.4.5) lib/rack/content_length.rb:14:in `call'
  railties (3.2.1) lib/rails/rack/log_tailer.rb:14:in `call'
  rack (1.4.5) lib/rack/handler/webrick.rb:59:in `service'
  C:/RailsInstaller/Ruby1.9.3/lib/ruby/1.9.1/webrick/httpserver.rb:138:in `service'
  C:/RailsInstaller/Ruby1.9.3/lib/ruby/1.9.1/webrick/httpserver.rb:94:in `run'
  C:/RailsInstaller/Ruby1.9.3/lib/ruby/1.9.1/webrick/server.rb:191:in `block in start_thread'


  Rendered C:/RailsInstaller/Ruby1.9.3/lib/ruby/gems/1.9.1/gems/actionpack-3.2.1/lib/action_dispatch/middleware/templates/rescues/_trace.erb (5.0ms)
  Rendered C:/RailsInstaller/Ruby1.9.3/lib/ruby/gems/1.9.1/gems/actionpack-3.2.1/lib/action_dispatch/middleware/templates/rescues/_request_and_response.erb (42.0ms)
  Rendered C:/RailsInstaller/Ruby1.9.3/lib/ruby/gems/1.9.1/gems/actionpack-3.2.1/lib/action_dispatch/middleware/templates/rescues/diagnostics.erb within rescues/layout (111.0ms)


Started GET "/rails/info/properties" for 127.0.0.1 at 2013-03-03 09:57:43 +0700

Mysql2::Error (Access denied for user 'root'@'localhost' (using password: NO)):
  mysql2-0.3.11-x86 (mingw32) lib/mysql2/client.rb:44:in `connect'
  mysql2-0.3.11-x86 (mingw32) lib/mysql2/client.rb:44:in `initialize'
  activerecord (3.2.1) lib/active_record/connection_adapters/mysql2_adapter.rb:16:in `new'
  activerecord (3.2.1) lib/active_record/connection_adapters/mysql2_adapter.rb:16:in `mysql2_connection'
  activerecord (3.2.1) lib/active_record/connection_adapters/abstract/connection_pool.rb:277:in `new_connection'
  activerecord (3.2.1) lib/active_record/connection_adapters/abstract/connection_pool.rb:287:in `checkout_new_connection'
  activerecord (3.2.1) lib/active_record/connection_adapters/abstract/connection_pool.rb:235:in `block (2 levels) in checkout'
  activerecord (3.2.1) lib/active_record/connection_adapters/abstract/connection_pool.rb:230:in `loop'
  activerecord (3.2.1) lib/active_record/connection_adapters/abstract/connection_pool.rb:230:in `block in checkout'
  C:/RailsInstaller/Ruby1.9.3/lib/ruby/1.9.1/monitor.rb:211:in `mon_synchronize'
  activerecord (3.2.1) lib/active_record/connection_adapters/abstract/connection_pool.rb:229:in `checkout'
  activerecord (3.2.1) lib/active_record/connection_adapters/abstract/connection_pool.rb:95:in `connection'
  activerecord (3.2.1) lib/active_record/connection_adapters/abstract/connection_pool.rb:374:in `retrieve_connection'
  activerecord (3.2.1) lib/active_record/connection_adapters/abstract/connection_specification.rb:168:in `retrieve_connection'
  activerecord (3.2.1) lib/active_record/connection_adapters/abstract/connection_specification.rb:142:in `connection'
  activerecord (3.2.1) lib/active_record/query_cache.rb:67:in `rescue in call'
  activerecord (3.2.1) lib/active_record/query_cache.rb:61:in `call'
  activerecord (3.2.1) lib/active_record/connection_adapters/abstract/connection_pool.rb:443:in `call'
  actionpack (3.2.1) lib/action_dispatch/middleware/callbacks.rb:28:in `block in call'
  activesupport (3.2.1) lib/active_support/callbacks.rb:405:in `_run__1004419100__call__102381742__callbacks'
  activesupport (3.2.1) lib/active_support/callbacks.rb:405:in `__run_callback'
  activesupport (3.2.1) lib/active_support/callbacks.rb:385:in `_run_call_callbacks'
  activesupport (3.2.1) lib/active_support/callbacks.rb:81:in `run_callbacks'
  actionpack (3.2.1) lib/action_dispatch/middleware/callbacks.rb:27:in `call'
  actionpack (3.2.1) lib/action_dispatch/middleware/reloader.rb:65:in `call'
  actionpack (3.2.1) lib/action_dispatch/middleware/remote_ip.rb:31:in `call'
  actionpack (3.2.1) lib/action_dispatch/middleware/debug_exceptions.rb:16:in `call'
  actionpack (3.2.1) lib/action_dispatch/middleware/show_exceptions.rb:56:in `call'
  railties (3.2.1) lib/rails/rack/logger.rb:26:in `call_app'
  railties (3.2.1) lib/rails/rack/logger.rb:16:in `call'
  actionpack (3.2.1) lib/action_dispatch/middleware/request_id.rb:22:in `call'
  rack (1.4.5) lib/rack/methodoverride.rb:21:in `call'
  rack (1.4.5) lib/rack/runtime.rb:17:in `call'
  activesupport (3.2.1) lib/active_support/cache/strategy/local_cache.rb:72:in `call'
  rack (1.4.5) lib/rack/lock.rb:15:in `call'
  actionpack (3.2.1) lib/action_dispatch/middleware/static.rb:53:in `call'
  railties (3.2.1) lib/rails/engine.rb:479:in `call'
  railties (3.2.1) lib/rails/application.rb:220:in `call'
  rack (1.4.5) lib/rack/content_length.rb:14:in `call'
  railties (3.2.1) lib/rails/rack/log_tailer.rb:14:in `call'
  rack (1.4.5) lib/rack/handler/webrick.rb:59:in `service'
  C:/RailsInstaller/Ruby1.9.3/lib/ruby/1.9.1/webrick/httpserver.rb:138:in `service'
  C:/RailsInstaller/Ruby1.9.3/lib/ruby/1.9.1/webrick/httpserver.rb:94:in `run'
  C:/RailsInstaller/Ruby1.9.3/lib/ruby/1.9.1/webrick/server.rb:191:in `block in start_thread'


  Rendered C:/RailsInstaller/Ruby1.9.3/lib/ruby/gems/1.9.1/gems/actionpack-3.2.1/lib/action_dispatch/middleware/templates/rescues/_trace.erb (5.0ms)
  Rendered C:/RailsInstaller/Ruby1.9.3/lib/ruby/gems/1.9.1/gems/actionpack-3.2.1/lib/action_dispatch/middleware/templates/rescues/_request_and_response.erb (1.0ms)
  Rendered C:/RailsInstaller/Ruby1.9.3/lib/ruby/gems/1.9.1/gems/actionpack-3.2.1/lib/action_dispatch/middleware/templates/rescues/diagnostics.erb within rescues/layout (16.0ms)


Started GET "/assets/rails.png" for 127.0.0.1 at 2013-03-03 10:06:11 +0700
Served asset /rails.png - 200 OK (68ms)


Started GET "/rails/info/properties" for 127.0.0.1 at 2013-03-03 10:06:12 +0700
Processing by Rails::InfoController#properties as */*
  Rendered inline template (0.0ms)
Completed 200 OK in 3ms (Views: 2.0ms | ActiveRecord: 0.0ms)
